commit abf8711db0f1622fd966375aa124251952a2dc5b
Author: Sebastiano Vigna <sebastiano.vigna@gmail.com>
Date:   Tue Mar 4 15:56:47 2025 +0000

    Unconditional writes
   Compiling sux v0.5.0 (/home/vigna/git/sux-rs)
    Finished `release` profile [optimized + debuginfo] target(s) in 44.70s
     Running `target/release/vfunc 10000000 func.eps --no-shards --dict`
[2025-03-04T16:42:17Z INFO  vfunc] Reading input...
[2025-03-04T16:42:17Z INFO  vfunc] Using 1 bucket
[2025-03-04T16:42:17Z INFO  vfunc] Completed.
[2025-03-04T16:42:17Z INFO  vfunc] Elapsed: 252ms [10,000,000 keys, 39648785.98 keys/s, 25.22 ns/key]
[2025-03-04T16:42:17Z INFO  vfunc] Number of keys: 10000000 Max value: 255 Bit width: 8
[2025-03-04T16:42:17Z INFO  vfunc] Fuse (no shards) Segment size: 2^15 Number of segments: 342
[2025-03-04T16:42:17Z INFO  vfunc] c: 1.12, Overhead: 1.1207% Number of threads: 2
[2025-03-04T16:42:17Z INFO  vfunc] Solving shards...
[2025-03-04T16:42:17Z INFO  vfunc] Analyzing shard 1/1...
[2025-03-04T16:42:17Z INFO  vfunc] Solving shard 1/1...
[2025-03-04T16:42:17Z INFO  vfunc] Generating graph for shard 1/1...
[2025-03-04T16:42:17Z INFO  vfunc] Completed.
[2025-03-04T16:42:17Z INFO  vfunc] Elapsed: 116ms [10,000,000 keys, 86142484.99 keys/s, 11.61 ns/key]
[2025-03-04T16:42:17Z INFO  vfunc] Peeling graph for shard 1/1...
[2025-03-04T16:42:18Z INFO  vfunc] Completed.
[2025-03-04T16:42:18Z INFO  vfunc] Elapsed: 837ms [10,000,000 keys, 11933757.74 keys/s, 83.80 ns/key]
[2025-03-04T16:42:18Z INFO  vfunc] Assigning values for shard 1/1...
[2025-03-04T16:42:18Z INFO  vfunc] Completed.
[2025-03-04T16:42:18Z INFO  vfunc] Elapsed: 397ms [10,000,000 keys, 25152574.83 keys/s, 39.76 ns/key]
[2025-03-04T16:42:18Z INFO  vfunc] Completed shard 1/1
[2025-03-04T16:42:18Z INFO  vfunc] 1 shard, 1s, 42.06 shards/m, 1.43 s/shard; 100.00% done, 0ms to end; res/vir/avail/free/total mem 351.89MB/496.76MB/64.44GB/48.96GB/67.20GB
[2025-03-04T16:42:18Z INFO  vfunc] Completed.
[2025-03-04T16:42:18Z INFO  vfunc] Elapsed: 1s [1 shard, 41.79 shards/m, 1.44 s/shard]; res/vir/avail/free/total mem 181.44MB/1.71GB/64.44GB/48.96GB/67.20GB
[2025-03-04T16:42:18Z INFO  vfunc] Bits/keys: 8.9653248 (112.07%)
[2025-03-04T16:42:19Z INFO  vfunc] Completed in 1.708 seconds (170.788 ns/key)
    Finished `release` profile [optimized + debuginfo] target(s) in 0.10s
     Running `target/release/vfunc 100000000 func.eps --no-shards --dict`
[2025-03-04T16:42:19Z INFO  vfunc] Reading input...
[2025-03-04T16:42:19Z INFO  vfunc] Using 1 bucket
[2025-03-04T16:42:21Z INFO  vfunc] Completed.
[2025-03-04T16:42:21Z INFO  vfunc] Elapsed: 2s [100,000,000 keys, 37071997.94 keys/s, 26.97 ns/key]
[2025-03-04T16:42:22Z INFO  vfunc] Number of keys: 100000000 Max value: 255 Bit width: 8
[2025-03-04T16:42:22Z INFO  vfunc] Fuse (no shards) Segment size: 2^17 Number of segments: 844
[2025-03-04T16:42:22Z INFO  vfunc] c: 1.105, Overhead: 1.1062% Number of threads: 2
[2025-03-04T16:42:22Z INFO  vfunc] Solving shards...
[2025-03-04T16:42:22Z INFO  vfunc] Analyzing shard 1/1...
[2025-03-04T16:42:22Z INFO  vfunc] Solving shard 1/1...
[2025-03-04T16:42:22Z INFO  vfunc] Generating graph for shard 1/1...
[2025-03-04T16:42:26Z INFO  vfunc] Completed.
[2025-03-04T16:42:26Z INFO  vfunc] Elapsed: 3s [100,000,000 keys, 28304275.71 keys/s, 35.33 ns/key]
[2025-03-04T16:42:26Z INFO  vfunc] Peeling graph for shard 1/1...
[2025-03-04T16:42:39Z INFO  vfunc] Completed.
[2025-03-04T16:42:39Z INFO  vfunc] Elapsed: 13s [100,000,000 keys, 7566809.27 keys/s, 132.16 ns/key]
[2025-03-04T16:42:39Z INFO  vfunc] Assigning values for shard 1/1...
[2025-03-04T16:42:45Z INFO  vfunc] Completed.
[2025-03-04T16:42:45Z INFO  vfunc] Elapsed: 6s [100,000,000 keys, 15569840.47 keys/s, 64.23 ns/key]
[2025-03-04T16:42:45Z INFO  vfunc] Completed shard 1/1
[2025-03-04T16:42:45Z INFO  vfunc] 1 shard, 23s, 2.51 shards/m, 23.87 s/shard; 100.00% done, 0ms to end; res/vir/avail/free/total mem 3.33GB/3.58GB/63.50GB/49.12GB/67.20GB
[2025-03-04T16:42:45Z INFO  vfunc] Completed.
[2025-03-04T16:42:45Z INFO  vfunc] Elapsed: 23s [1 shard, 2.50 shards/m, 23.97 s/shard]; res/vir/avail/free/total mem 1.72GB/3.25GB/63.50GB/49.12GB/67.20GB
[2025-03-04T16:42:45Z INFO  vfunc] Bits/keys: 8.84998144 (110.62%)
[2025-03-04T16:42:46Z INFO  vfunc] Completed in 26.805 seconds (268.049 ns/key)
    Finished `release` profile [optimized + debuginfo] target(s) in 0.10s
     Running `target/release/vfunc 1000000000 func.eps --no-shards --dict`
[2025-03-04T16:42:46Z INFO  vfunc] Reading input...
[2025-03-04T16:42:46Z INFO  vfunc] Using 1 bucket
[2025-03-04T16:42:56Z INFO  vfunc] 363,855,872 keys, 10s, 36333211.31 keys/s, 27.52 ns/key
[2025-03-04T16:43:06Z INFO  vfunc] 735,051,776 keys, 20s, 36722668.52 keys/s, 27.23 ns/key
[2025-03-04T16:43:13Z INFO  vfunc] Completed.
[2025-03-04T16:43:13Z INFO  vfunc] Elapsed: 27s [1,000,000,000 keys, 36982717.91 keys/s, 27.04 ns/key]
[2025-03-04T16:43:13Z INFO  vfunc] Number of keys: 1000000000 Max value: 255 Bit width: 8
[2025-03-04T16:43:13Z INFO  vfunc] Fuse (no shards) Segment size: 2^19 Number of segments: 2108
[2025-03-04T16:43:13Z INFO  vfunc] c: 1.105, Overhead: 1.1052% Number of threads: 2
[2025-03-04T16:43:13Z INFO  vfunc] Solving shards...
[2025-03-04T16:43:20Z INFO  vfunc] Analyzing shard 1/1...
[2025-03-04T16:43:20Z INFO  vfunc] Solving shard 1/1...
[2025-03-04T16:43:20Z INFO  vfunc] Generating graph for shard 1/1...
[2025-03-04T16:43:58Z INFO  vfunc] Completed.
[2025-03-04T16:43:58Z INFO  vfunc] Elapsed: 38s [1,000,000,000 keys, 25942863.22 keys/s, 38.55 ns/key]
[2025-03-04T16:43:58Z INFO  vfunc] Peeling graph for shard 1/1...
[2025-03-04T16:47:31Z INFO  vfunc] Completed.
[2025-03-04T16:47:31Z INFO  vfunc] Elapsed: 3m 32s [1,000,000,000 keys, 4706787.14 keys/s, 212.46 ns/key]
[2025-03-04T16:47:31Z INFO  vfunc] Assigning values for shard 1/1...
[2025-03-04T16:49:02Z INFO  vfunc] Completed.
[2025-03-04T16:49:02Z INFO  vfunc] Elapsed: 1m 31s [1,000,000,000 keys, 10883816.25 keys/s, 91.88 ns/key]
[2025-03-04T16:49:03Z INFO  vfunc] Completed shard 1/1
[2025-03-04T16:49:03Z INFO  vfunc] 1 shard, 5m 50s, 10.29 shards/h, 5.83 m/shard; 100.00% done, 0ms to end; res/vir/avail/free/total mem 33.12GB/34.36GB/49.46GB/34.99GB/67.20GB
[2025-03-04T16:49:03Z INFO  vfunc] Completed.
[2025-03-04T16:49:03Z INFO  vfunc] Elapsed: 5m 50s [1 shard, 10.27 shards/h, 5.84 m/shard]; res/vir/avail/free/total mem 17.12GB/18.64GB/49.46GB/34.99GB/67.20GB
[2025-03-04T16:49:03Z INFO  vfunc] Bits/keys: 8.841592832 (110.52%)
[2025-03-04T16:49:05Z INFO  vfunc] Completed in 379.174 seconds (379.174 ns/key)
