commit f4df5ff9b9973afc7f08a1562bcdf0ed9da3592b
Author: Sebastiano Vigna <sebastiano.vigna@gmail.com>
Date:   Tue Mar 4 15:15:43 2025 +0000

    Less testing
   Compiling sux v0.5.0 (/home/vigna/git/sux-rs)
    Finished `release` profile [optimized + debuginfo] target(s) in 46.46s
     Running `target/release/vfunc 10000000 func.eps --no-shards --dict`
[2025-03-04T16:49:52Z INFO  vfunc] Reading input...
[2025-03-04T16:49:52Z INFO  vfunc] Using 1 bucket
[2025-03-04T16:49:52Z INFO  vfunc] Completed.
[2025-03-04T16:49:52Z INFO  vfunc] Elapsed: 253ms [10,000,000 keys, 39516055.25 keys/s, 25.31 ns/key]
[2025-03-04T16:49:52Z INFO  vfunc] Number of keys: 10000000 Max value: 255 Bit width: 8
[2025-03-04T16:49:52Z INFO  vfunc] Fuse (no shards) Segment size: 2^15 Number of segments: 342
[2025-03-04T16:49:52Z INFO  vfunc] c: 1.12, Overhead: 1.1207% Number of threads: 2
[2025-03-04T16:49:52Z INFO  vfunc] Solving shards...
[2025-03-04T16:49:53Z INFO  vfunc] Analyzing shard 1/1...
[2025-03-04T16:49:53Z INFO  vfunc] Solving shard 1/1...
[2025-03-04T16:49:53Z INFO  vfunc] Generating graph for shard 1/1...
[2025-03-04T16:49:53Z INFO  vfunc] Completed.
[2025-03-04T16:49:53Z INFO  vfunc] Elapsed: 114ms [10,000,000 keys, 87059192.54 keys/s, 11.49 ns/key]
[2025-03-04T16:49:53Z INFO  vfunc] Peeling graph for shard 1/1...
[2025-03-04T16:49:53Z INFO  vfunc] Completed.
[2025-03-04T16:49:53Z INFO  vfunc] Elapsed: 827ms [10,000,000 keys, 12086180.77 keys/s, 82.74 ns/key]
[2025-03-04T16:49:53Z INFO  vfunc] Assigning values for shard 1/1...
[2025-03-04T16:49:54Z INFO  vfunc] Completed.
[2025-03-04T16:49:54Z INFO  vfunc] Elapsed: 399ms [10,000,000 keys, 25024097.33 keys/s, 39.96 ns/key]
[2025-03-04T16:49:54Z INFO  vfunc] Completed shard 1/1
[2025-03-04T16:49:54Z INFO  vfunc] 1 shard, 1s, 42.45 shards/m, 1.41 s/shard; 100.00% done, 0ms to end; res/vir/avail/free/total mem 349.93MB/496.76MB/64.67GB/49.19GB/67.20GB
[2025-03-04T16:49:54Z INFO  vfunc] Completed.
[2025-03-04T16:49:54Z INFO  vfunc] Elapsed: 1s [1 shard, 42.15 shards/m, 1.42 s/shard]; res/vir/avail/free/total mem 181.28MB/1.71GB/64.67GB/49.19GB/67.20GB
[2025-03-04T16:49:54Z INFO  vfunc] Bits/keys: 8.9653248 (112.07%)
[2025-03-04T16:49:54Z INFO  vfunc] Completed in 1.694 seconds (169.428 ns/key)
    Finished `release` profile [optimized + debuginfo] target(s) in 0.10s
     Running `target/release/vfunc 100000000 func.eps --no-shards --dict`
[2025-03-04T16:49:54Z INFO  vfunc] Reading input...
[2025-03-04T16:49:54Z INFO  vfunc] Using 1 bucket
[2025-03-04T16:49:57Z INFO  vfunc] Completed.
[2025-03-04T16:49:57Z INFO  vfunc] Elapsed: 2s [100,000,000 keys, 35630128.65 keys/s, 28.07 ns/key]
[2025-03-04T16:49:57Z INFO  vfunc] Number of keys: 100000000 Max value: 255 Bit width: 8
[2025-03-04T16:49:57Z INFO  vfunc] Fuse (no shards) Segment size: 2^17 Number of segments: 844
[2025-03-04T16:49:57Z INFO  vfunc] c: 1.105, Overhead: 1.1062% Number of threads: 2
[2025-03-04T16:49:57Z INFO  vfunc] Solving shards...
[2025-03-04T16:49:58Z INFO  vfunc] Analyzing shard 1/1...
[2025-03-04T16:49:58Z INFO  vfunc] Solving shard 1/1...
[2025-03-04T16:49:58Z INFO  vfunc] Generating graph for shard 1/1...
[2025-03-04T16:50:01Z INFO  vfunc] Completed.
[2025-03-04T16:50:01Z INFO  vfunc] Elapsed: 3s [100,000,000 keys, 28477396.60 keys/s, 35.12 ns/key]
[2025-03-04T16:50:01Z INFO  vfunc] Peeling graph for shard 1/1...
[2025-03-04T16:50:13Z INFO  vfunc] Completed.
[2025-03-04T16:50:13Z INFO  vfunc] Elapsed: 12s [100,000,000 keys, 8187776.17 keys/s, 122.13 ns/key]
[2025-03-04T16:50:13Z INFO  vfunc] Assigning values for shard 1/1...
[2025-03-04T16:50:20Z INFO  vfunc] Completed.
[2025-03-04T16:50:20Z INFO  vfunc] Elapsed: 6s [100,000,000 keys, 15580585.54 keys/s, 64.18 ns/key]
[2025-03-04T16:50:20Z INFO  vfunc] Completed shard 1/1
[2025-03-04T16:50:20Z INFO  vfunc] 1 shard, 22s, 2.63 shards/m, 22.84 s/shard; 100.00% done, 0ms to end; res/vir/avail/free/total mem 3.33GB/3.58GB/63.38GB/49.00GB/67.20GB
[2025-03-04T16:50:20Z INFO  vfunc] Completed.
[2025-03-04T16:50:20Z INFO  vfunc] Elapsed: 22s [1 shard, 2.62 shards/m, 22.93 s/shard]; res/vir/avail/free/total mem 1.72GB/3.25GB/63.38GB/49.00GB/67.20GB
[2025-03-04T16:50:20Z INFO  vfunc] Bits/keys: 8.84998144 (110.62%)
[2025-03-04T16:50:20Z INFO  vfunc] Completed in 25.879 seconds (258.788 ns/key)
    Finished `release` profile [optimized + debuginfo] target(s) in 0.10s
     Running `target/release/vfunc 1000000000 func.eps --no-shards --dict`
[2025-03-04T16:50:20Z INFO  vfunc] Reading input...
[2025-03-04T16:50:20Z INFO  vfunc] Using 1 bucket
[2025-03-04T16:50:30Z INFO  vfunc] 371,195,904 keys, 10s, 37064504.63 keys/s, 26.98 ns/key
[2025-03-04T16:50:40Z INFO  vfunc] 746,586,112 keys, 20s, 37294932.44 keys/s, 26.81 ns/key
[2025-03-04T16:50:47Z INFO  vfunc] Completed.
[2025-03-04T16:50:47Z INFO  vfunc] Elapsed: 26s [1,000,000,000 keys, 37367076.90 keys/s, 26.76 ns/key]
[2025-03-04T16:50:47Z INFO  vfunc] Number of keys: 1000000000 Max value: 255 Bit width: 8
[2025-03-04T16:50:47Z INFO  vfunc] Fuse (no shards) Segment size: 2^19 Number of segments: 2108
[2025-03-04T16:50:47Z INFO  vfunc] c: 1.105, Overhead: 1.1052% Number of threads: 2
[2025-03-04T16:50:47Z INFO  vfunc] Solving shards...
[2025-03-04T16:50:54Z INFO  vfunc] Analyzing shard 1/1...
[2025-03-04T16:50:54Z INFO  vfunc] Solving shard 1/1...
[2025-03-04T16:50:54Z INFO  vfunc] Generating graph for shard 1/1...
[2025-03-04T16:51:32Z INFO  vfunc] Completed.
[2025-03-04T16:51:32Z INFO  vfunc] Elapsed: 38s [1,000,000,000 keys, 26011117.21 keys/s, 38.45 ns/key]
[2025-03-04T16:51:32Z INFO  vfunc] Peeling graph for shard 1/1...
[2025-03-04T16:54:44Z INFO  vfunc] Completed.
[2025-03-04T16:54:44Z INFO  vfunc] Elapsed: 3m 11s [1,000,000,000 keys, 5219150.68 keys/s, 191.60 ns/key]
[2025-03-04T16:54:44Z INFO  vfunc] Assigning values for shard 1/1...
[2025-03-04T16:56:16Z INFO  vfunc] Completed.
[2025-03-04T16:56:16Z INFO  vfunc] Elapsed: 1m 31s [1,000,000,000 keys, 10883678.13 keys/s, 91.88 ns/key]
[2025-03-04T16:56:16Z INFO  vfunc] Completed shard 1/1
[2025-03-04T16:56:16Z INFO  vfunc] 1 shard, 5m 29s, 10.94 shards/h, 5.48 m/shard; 100.00% done, 0ms to end; res/vir/avail/free/total mem 33.12GB/34.36GB/49.48GB/35.01GB/67.20GB
[2025-03-04T16:56:17Z INFO  vfunc] Completed.
[2025-03-04T16:56:17Z INFO  vfunc] Elapsed: 5m 29s [1 shard, 10.92 shards/h, 5.49 m/shard]; res/vir/avail/free/total mem 17.12GB/18.64GB/49.48GB/35.01GB/67.20GB
[2025-03-04T16:56:17Z INFO  vfunc] Bits/keys: 8.841592832 (110.52%)
[2025-03-04T16:56:18Z INFO  vfunc] Completed in 357.884 seconds (357.884 ns/key)
