commit c2df720e58a60ded063f1c050c975555d576c22e
Author: Sebastiano Vigna <sebastiano.vigna@gmail.com>
Date:   Tue Mar 4 14:44:37 2025 +0000

    Preloading vertices of degree one
   Compiling sux v0.5.0 (/home/vigna/git/sux-rs)
    Finished `release` profile [optimized + debuginfo] target(s) in 46.36s
     Running `target/release/vfunc 10000000 func.eps --no-shards --dict`
[2025-03-04T16:57:05Z INFO  vfunc] Reading input...
[2025-03-04T16:57:05Z INFO  vfunc] Using 1 bucket
[2025-03-04T16:57:06Z INFO  vfunc] Completed.
[2025-03-04T16:57:06Z INFO  vfunc] Elapsed: 255ms [10,000,000 keys, 39190280.37 keys/s, 25.52 ns/key]
[2025-03-04T16:57:06Z INFO  vfunc] Number of keys: 10000000 Max value: 255 Bit width: 8
[2025-03-04T16:57:06Z INFO  vfunc] Fuse (no shards) Segment size: 2^15 Number of segments: 342
[2025-03-04T16:57:06Z INFO  vfunc] c: 1.12, Overhead: 1.1207% Number of threads: 2
[2025-03-04T16:57:06Z INFO  vfunc] Solving shards...
[2025-03-04T16:57:06Z INFO  vfunc] Analyzing shard 1/1...
[2025-03-04T16:57:06Z INFO  vfunc] Solving shard 1/1...
[2025-03-04T16:57:06Z INFO  vfunc] Generating graph for shard 1/1...
[2025-03-04T16:57:06Z INFO  vfunc] Completed.
[2025-03-04T16:57:06Z INFO  vfunc] Elapsed: 116ms [10,000,000 keys, 86154068.51 keys/s, 11.61 ns/key]
[2025-03-04T16:57:06Z INFO  vfunc] Peeling graph for shard 1/1...
[2025-03-04T16:57:07Z INFO  vfunc] Completed.
[2025-03-04T16:57:07Z INFO  vfunc] Elapsed: 832ms [10,000,000 keys, 12009152.85 keys/s, 83.27 ns/key]
[2025-03-04T16:57:07Z INFO  vfunc] Assigning values for shard 1/1...
[2025-03-04T16:57:07Z INFO  vfunc] Completed.
[2025-03-04T16:57:07Z INFO  vfunc] Elapsed: 400ms [10,000,000 keys, 24995121.39 keys/s, 40.01 ns/key]
[2025-03-04T16:57:07Z INFO  vfunc] Completed shard 1/1
[2025-03-04T16:57:07Z INFO  vfunc] 1 shard, 1s, 42.21 shards/m, 1.42 s/shard; 100.00% done, 0ms to end; res/vir/avail/free/total mem 351.28MB/496.77MB/64.62GB/49.14GB/67.20GB
[2025-03-04T16:57:07Z INFO  vfunc] Completed.
[2025-03-04T16:57:07Z INFO  vfunc] Elapsed: 1s [1 shard, 41.88 shards/m, 1.43 s/shard]; res/vir/avail/free/total mem 181.81MB/1.71GB/64.62GB/49.14GB/67.20GB
[2025-03-04T16:57:07Z INFO  vfunc] Bits/keys: 8.9653248 (112.07%)
[2025-03-04T16:57:07Z INFO  vfunc] Completed in 1.707 seconds (170.671 ns/key)
    Finished `release` profile [optimized + debuginfo] target(s) in 0.10s
     Running `target/release/vfunc 100000000 func.eps --no-shards --dict`
[2025-03-04T16:57:07Z INFO  vfunc] Reading input...
[2025-03-04T16:57:07Z INFO  vfunc] Using 1 bucket
[2025-03-04T16:57:10Z INFO  vfunc] Completed.
[2025-03-04T16:57:10Z INFO  vfunc] Elapsed: 2s [100,000,000 keys, 35990680.76 keys/s, 27.78 ns/key]
[2025-03-04T16:57:10Z INFO  vfunc] Number of keys: 100000000 Max value: 255 Bit width: 8
[2025-03-04T16:57:10Z INFO  vfunc] Fuse (no shards) Segment size: 2^17 Number of segments: 844
[2025-03-04T16:57:10Z INFO  vfunc] c: 1.105, Overhead: 1.1062% Number of threads: 2
[2025-03-04T16:57:10Z INFO  vfunc] Solving shards...
[2025-03-04T16:57:11Z INFO  vfunc] Analyzing shard 1/1...
[2025-03-04T16:57:11Z INFO  vfunc] Solving shard 1/1...
[2025-03-04T16:57:11Z INFO  vfunc] Generating graph for shard 1/1...
[2025-03-04T16:57:14Z INFO  vfunc] Completed.
[2025-03-04T16:57:14Z INFO  vfunc] Elapsed: 3s [100,000,000 keys, 28360409.96 keys/s, 35.26 ns/key]
[2025-03-04T16:57:14Z INFO  vfunc] Peeling graph for shard 1/1...
[2025-03-04T16:57:27Z INFO  vfunc] Completed.
[2025-03-04T16:57:27Z INFO  vfunc] Elapsed: 12s [100,000,000 keys, 7895176.13 keys/s, 126.66 ns/key]
[2025-03-04T16:57:27Z INFO  vfunc] Assigning values for shard 1/1...
[2025-03-04T16:57:33Z INFO  vfunc] Completed.
[2025-03-04T16:57:33Z INFO  vfunc] Elapsed: 6s [100,000,000 keys, 15520629.71 keys/s, 64.43 ns/key]
[2025-03-04T16:57:33Z INFO  vfunc] Completed shard 1/1
[2025-03-04T16:57:33Z INFO  vfunc] 1 shard, 23s, 2.57 shards/m, 23.34 s/shard; 100.00% done, 0ms to end; res/vir/avail/free/total mem 3.33GB/3.58GB/63.41GB/49.04GB/67.20GB
[2025-03-04T16:57:34Z INFO  vfunc] Completed.
[2025-03-04T16:57:34Z INFO  vfunc] Elapsed: 23s [1 shard, 2.56 shards/m, 23.43 s/shard]; res/vir/avail/free/total mem 1.72GB/3.25GB/63.41GB/49.04GB/67.20GB
[2025-03-04T16:57:34Z INFO  vfunc] Bits/keys: 8.84998144 (110.62%)
[2025-03-04T16:57:34Z INFO  vfunc] Completed in 26.356 seconds (263.560 ns/key)
    Finished `release` profile [optimized + debuginfo] target(s) in 0.10s
     Running `target/release/vfunc 1000000000 func.eps --no-shards --dict`
[2025-03-04T16:57:34Z INFO  vfunc] Reading input...
[2025-03-04T16:57:34Z INFO  vfunc] Using 1 bucket
[2025-03-04T16:57:44Z INFO  vfunc] 370,147,328 keys, 10s, 36996500.22 keys/s, 27.03 ns/key
[2025-03-04T16:57:54Z INFO  vfunc] 748,683,264 keys, 20s, 37378045.37 keys/s, 26.75 ns/key
[2025-03-04T16:58:00Z INFO  vfunc] Completed.
[2025-03-04T16:58:00Z INFO  vfunc] Elapsed: 26s [1,000,000,000 keys, 37598144.88 keys/s, 26.60 ns/key]
[2025-03-04T16:58:00Z INFO  vfunc] Number of keys: 1000000000 Max value: 255 Bit width: 8
[2025-03-04T16:58:00Z INFO  vfunc] Fuse (no shards) Segment size: 2^19 Number of segments: 2108
[2025-03-04T16:58:00Z INFO  vfunc] c: 1.105, Overhead: 1.1052% Number of threads: 2
[2025-03-04T16:58:00Z INFO  vfunc] Solving shards...
[2025-03-04T16:58:07Z INFO  vfunc] Analyzing shard 1/1...
[2025-03-04T16:58:07Z INFO  vfunc] Solving shard 1/1...
[2025-03-04T16:58:07Z INFO  vfunc] Generating graph for shard 1/1...
[2025-03-04T16:58:46Z INFO  vfunc] Completed.
[2025-03-04T16:58:46Z INFO  vfunc] Elapsed: 38s [1,000,000,000 keys, 25981583.77 keys/s, 38.49 ns/key]
[2025-03-04T16:58:46Z INFO  vfunc] Peeling graph for shard 1/1...
[2025-03-04T17:02:04Z INFO  vfunc] Completed.
[2025-03-04T17:02:04Z INFO  vfunc] Elapsed: 3m 18s [1,000,000,000 keys, 5032759.38 keys/s, 198.70 ns/key]
[2025-03-04T17:02:04Z INFO  vfunc] Assigning values for shard 1/1...
[2025-03-04T17:03:36Z INFO  vfunc] Completed.
[2025-03-04T17:03:36Z INFO  vfunc] Elapsed: 1m 32s [1,000,000,000 keys, 10863097.79 keys/s, 92.05 ns/key]
[2025-03-04T17:03:37Z INFO  vfunc] Completed shard 1/1
[2025-03-04T17:03:37Z INFO  vfunc] 1 shard, 5m 36s, 10.70 shards/h, 5.61 m/shard; 100.00% done, 0ms to end; res/vir/avail/free/total mem 33.12GB/34.36GB/49.47GB/34.99GB/67.20GB
[2025-03-04T17:03:37Z INFO  vfunc] Completed.
[2025-03-04T17:03:37Z INFO  vfunc] Elapsed: 5m 36s [1 shard, 10.68 shards/h, 5.62 m/shard]; res/vir/avail/free/total mem 17.12GB/18.64GB/49.47GB/34.99GB/67.20GB
[2025-03-04T17:03:37Z INFO  vfunc] Bits/keys: 8.841592832 (110.52%)
[2025-03-04T17:03:39Z INFO  vfunc] Completed in 365.085 seconds (365.085 ns/key)
