warning: unexpected `cfg` condition value: `nightly`
  --> /home/vigna/git/xorf/src/lib.rs:64:13
   |
64 | #![cfg_attr(feature = "nightly", feature(allocator_internals), needs_allocator)]
   |             ^^^^^^^^^^^^^^^^^^^
   |
   = note: expected values for `feature` are: `binary-fuse`, `bincode`, `default`, `libm`, `num-traits`, `rand`, `serde`, and `uniform-random`
   = help: consider adding `nightly` as a feature in `Cargo.toml`
   = note: see <https://doc.rust-lang.org/nightly/rustc/check-cfg/cargo-specifics.html> for more information about checking conditional configuration
   = note: `#[warn(unexpected_cfgs)]` on by default

warning: `xorf` (lib) generated 1 warning
    Finished `release` profile [optimized + debuginfo] target(s) in 0.11s
     Running `target/release/examples/bench_pthash 1048576`
[2025-03-10T08:17:49Z INFO  bench_pthash] Building MPH with parameters: BuildConfiguration { c: 5.0, alpha: 0.94, num_partitions: 1, num_buckets: 18446744073709551615, num_threads: 20, seed: 18446744073709551615, ram: 50396857344, tmp_dir: "/tmp/.tmp32eSxq", verbose_output: true }
[2025-03-10T08:17:49Z INFO  bench_pthash] Completed.
[2025-03-10T08:17:49Z INFO  bench_pthash] Elapsed: 364ms [1,048,576 items, 2872908.12 items/s, 348.08 ns/item]
[2025-03-10T08:17:49Z INFO  bench_pthash] Querying (independent)...
[2025-03-10T08:17:56Z INFO  bench_pthash] Completed.
[2025-03-10T08:17:56Z INFO  bench_pthash] Elapsed: 7s [100,000,000 items, 13951570.46 items/s, 71.68 ns/item]
[2025-03-10T08:17:56Z INFO  bench_pthash] Querying (dependent)...
[2025-03-10T08:18:04Z INFO  bench_pthash] Completed.
[2025-03-10T08:18:04Z INFO  bench_pthash] Elapsed: 7s [100,000,000 items, 13093820.26 items/s, 76.37 ns/item]
