warning: unexpected `cfg` condition value: `nightly`
  --> /home/vigna/git/xorf/src/lib.rs:64:13
   |
64 | #![cfg_attr(feature = "nightly", feature(allocator_internals), needs_allocator)]
   |             ^^^^^^^^^^^^^^^^^^^
   |
   = note: expected values for `feature` are: `binary-fuse`, `bincode`, `default`, `libm`, `num-traits`, `rand`, `serde`, and `uniform-random`
   = help: consider adding `nightly` as a feature in `Cargo.toml`
   = note: see <https://doc.rust-lang.org/nightly/rustc/check-cfg/cargo-specifics.html> for more information about checking conditional configuration
   = note: `#[warn(unexpected_cfgs)]` on by default

warning: `xorf` (lib) generated 1 warning
    Finished `release` profile [optimized + debuginfo] target(s) in 0.11s
     Running `target/release/examples/bench_pthash 16777216`
[2025-03-10T08:20:45Z INFO  bench_pthash] Building MPH with parameters: BuildConfiguration { c: 5.0, alpha: 0.94, num_partitions: 2, num_buckets: 18446744073709551615, num_threads: 20, seed: 18446744073709551615, ram: 50396857344, tmp_dir: "/tmp/.tmpZwslnB", verbose_output: true }
[2025-03-10T08:20:51Z INFO  bench_pthash] Completed.
[2025-03-10T08:20:51Z INFO  bench_pthash] Elapsed: 5s [16,777,216 items, 2882269.34 items/s, 346.95 ns/item]
[2025-03-10T08:20:51Z INFO  bench_pthash] Querying (independent)...
[2025-03-10T08:21:06Z INFO  bench_pthash] Completed.
[2025-03-10T08:21:06Z INFO  bench_pthash] Elapsed: 14s [100,000,000 items, 6934428.69 items/s, 144.21 ns/item]
[2025-03-10T08:21:06Z INFO  bench_pthash] Querying (dependent)...
[2025-03-10T08:21:22Z INFO  bench_pthash] Completed.
[2025-03-10T08:21:22Z INFO  bench_pthash] Elapsed: 16s [100,000,000 items, 6122500.21 items/s, 163.33 ns/item]
