warning: unexpected `cfg` condition value: `nightly`
  --> /home/vigna/git/xorf/src/lib.rs:64:13
   |
64 | #![cfg_attr(feature = "nightly", feature(allocator_internals), needs_allocator)]
   |             ^^^^^^^^^^^^^^^^^^^
   |
   = note: expected values for `feature` are: `binary-fuse`, `bincode`, `default`, `libm`, `num-traits`, `rand`, `serde`, and `uniform-random`
   = help: consider adding `nightly` as a feature in `Cargo.toml`
   = note: see <https://doc.rust-lang.org/nightly/rustc/check-cfg/cargo-specifics.html> for more information about checking conditional configuration
   = note: `#[warn(unexpected_cfgs)]` on by default

warning: `xorf` (lib) generated 1 warning
    Finished `release` profile [optimized + debuginfo] target(s) in 0.11s
     Running `target/release/examples/bench_pthash 268435456`
[2025-03-10T08:31:11Z INFO  bench_pthash] Building MPH with parameters: BuildConfiguration { c: 5.0, alpha: 0.94, num_partitions: 27, num_buckets: 18446744073709551615, num_threads: 20, seed: 18446744073709551615, ram: 50396857344, tmp_dir: "/tmp/.tmp8cfeRk", verbose_output: true }
[2025-03-10T08:32:43Z INFO  bench_pthash] Completed.
[2025-03-10T08:32:43Z INFO  bench_pthash] Elapsed: 1m 32s [268,435,456 items, 2906857.09 items/s, 344.01 ns/item]
[2025-03-10T08:32:43Z INFO  bench_pthash] Querying (independent)...
[2025-03-10T08:33:08Z INFO  bench_pthash] Completed.
[2025-03-10T08:33:08Z INFO  bench_pthash] Elapsed: 24s [100,000,000 items, 4075241.90 items/s, 245.38 ns/item]
[2025-03-10T08:33:08Z INFO  bench_pthash] Querying (dependent)...
[2025-03-10T08:33:39Z INFO  bench_pthash] Completed.
[2025-03-10T08:33:39Z INFO  bench_pthash] Elapsed: 31s [100,000,000 items, 3181314.84 items/s, 314.34 ns/item]
