warning: unexpected `cfg` condition value: `nightly`
  --> /home/vigna/git/xorf/src/lib.rs:64:13
   |
64 | #![cfg_attr(feature = "nightly", feature(allocator_internals), needs_allocator)]
   |             ^^^^^^^^^^^^^^^^^^^
   |
   = note: expected values for `feature` are: `binary-fuse`, `bincode`, `default`, `libm`, `num-traits`, `rand`, `serde`, and `uniform-random`
   = help: consider adding `nightly` as a feature in `Cargo.toml`
   = note: see <https://doc.rust-lang.org/nightly/rustc/check-cfg/cargo-specifics.html> for more information about checking conditional configuration
   = note: `#[warn(unexpected_cfgs)]` on by default

warning: `xorf` (lib) generated 1 warning
    Finished `release` profile [optimized + debuginfo] target(s) in 0.11s
     Running `target/release/examples/bench_pthash 536870912`
[2025-03-10T08:37:31Z INFO  bench_pthash] Building MPH with parameters: BuildConfiguration { c: 5.0, alpha: 0.94, num_partitions: 54, num_buckets: 18446744073709551615, num_threads: 20, seed: 18446744073709551615, ram: 50396857344, tmp_dir: "/tmp/.tmpIyZe7X", verbose_output: true }
[2025-03-10T08:40:49Z INFO  bench_pthash] Completed.
[2025-03-10T08:40:49Z INFO  bench_pthash] Elapsed: 3m 18s [536,870,912 items, 2706035.03 items/s, 369.54 ns/item]
[2025-03-10T08:40:49Z INFO  bench_pthash] Querying (independent)...
[2025-03-10T08:41:16Z INFO  bench_pthash] Completed.
[2025-03-10T08:41:16Z INFO  bench_pthash] Elapsed: 27s [100,000,000 items, 3700024.82 items/s, 270.27 ns/item]
[2025-03-10T08:41:16Z INFO  bench_pthash] Querying (dependent)...
[2025-03-10T08:41:51Z INFO  bench_pthash] Completed.
[2025-03-10T08:41:51Z INFO  bench_pthash] Elapsed: 34s [100,000,000 items, 2910317.92 items/s, 343.61 ns/item]
