warning: unexpected `cfg` condition value: `nightly`
  --> /home/vigna/git/xorf/src/lib.rs:64:13
   |
64 | #![cfg_attr(feature = "nightly", feature(allocator_internals), needs_allocator)]
   |             ^^^^^^^^^^^^^^^^^^^
   |
   = note: expected values for `feature` are: `binary-fuse`, `bincode`, `default`, `libm`, `num-traits`, `rand`, `serde`, and `uniform-random`
   = help: consider adding `nightly` as a feature in `Cargo.toml`
   = note: see <https://doc.rust-lang.org/nightly/rustc/check-cfg/cargo-specifics.html> for more information about checking conditional configuration
   = note: `#[warn(unexpected_cfgs)]` on by default

warning: `xorf` (lib) generated 1 warning
    Finished `release` profile [optimized + debuginfo] target(s) in 0.11s
     Running `target/release/examples/bench_pthash 67108864`
[2025-03-10T08:24:26Z INFO  bench_pthash] Building MPH with parameters: BuildConfiguration { c: 5.0, alpha: 0.94, num_partitions: 7, num_buckets: 18446744073709551615, num_threads: 20, seed: 18446744073709551615, ram: 50396857344, tmp_dir: "/tmp/.tmp6mUX6e", verbose_output: true }
[2025-03-10T08:24:46Z INFO  bench_pthash] Completed.
[2025-03-10T08:24:46Z INFO  bench_pthash] Elapsed: 19s [67,108,864 items, 3420799.91 items/s, 292.33 ns/item]
[2025-03-10T08:24:46Z INFO  bench_pthash] Querying (independent)...
[2025-03-10T08:25:05Z INFO  bench_pthash] Completed.
[2025-03-10T08:25:05Z INFO  bench_pthash] Elapsed: 19s [100,000,000 items, 5148876.62 items/s, 194.22 ns/item]
[2025-03-10T08:25:05Z INFO  bench_pthash] Querying (dependent)...
[2025-03-10T08:25:30Z INFO  bench_pthash] Completed.
[2025-03-10T08:25:30Z INFO  bench_pthash] Elapsed: 24s [100,000,000 items, 4073794.20 items/s, 245.47 ns/item]
