warning: unexpected `cfg` condition value: `nightly`
  --> /home/vigna/git/xorf/src/lib.rs:64:13
   |
64 | #![cfg_attr(feature = "nightly", feature(allocator_internals), needs_allocator)]
   |             ^^^^^^^^^^^^^^^^^^^
   |
   = note: expected values for `feature` are: `binary-fuse`, `bincode`, `default`, `libm`, `num-traits`, `rand`, `serde`, and `uniform-random`
   = help: consider adding `nightly` as a feature in `Cargo.toml`
   = note: see <https://doc.rust-lang.org/nightly/rustc/check-cfg/cargo-specifics.html> for more information about checking conditional configuration
   = note: `#[warn(unexpected_cfgs)]` on by default

warning: `xorf` (lib) generated 1 warning
    Finished `release` profile [optimized + debuginfo] target(s) in 0.10s
     Running `target/release/examples/bench_pthash 8388608`
[2025-03-10T08:19:37Z INFO  bench_pthash] Building MPH with parameters: BuildConfiguration { c: 5.0, alpha: 0.94, num_partitions: 1, num_buckets: 18446744073709551615, num_threads: 20, seed: 18446744073709551615, ram: 50396857344, tmp_dir: "/tmp/.tmpNjjGcA", verbose_output: true }
[2025-03-10T08:19:41Z INFO  bench_pthash] Completed.
[2025-03-10T08:19:41Z INFO  bench_pthash] Elapsed: 3s [8,388,608 items, 2117179.34 items/s, 472.33 ns/item]
[2025-03-10T08:19:41Z INFO  bench_pthash] Querying (independent)...
[2025-03-10T08:19:50Z INFO  bench_pthash] Completed.
[2025-03-10T08:19:50Z INFO  bench_pthash] Elapsed: 9s [100,000,000 items, 10866909.12 items/s, 92.02 ns/item]
[2025-03-10T08:19:50Z INFO  bench_pthash] Querying (dependent)...
[2025-03-10T08:20:02Z INFO  bench_pthash] Completed.
[2025-03-10T08:20:02Z INFO  bench_pthash] Elapsed: 11s [100,000,000 items, 8495497.19 items/s, 117.71 ns/item]
