warning: unexpected `cfg` condition value: `nightly`
  --> /home/vigna/git/xorf/src/lib.rs:64:13
   |
64 | #![cfg_attr(feature = "nightly", feature(allocator_internals), needs_allocator)]
   |             ^^^^^^^^^^^^^^^^^^^
   |
   = note: expected values for `feature` are: `binary-fuse`, `bincode`, `default`, `libm`, `num-traits`, `rand`, `serde`, and `uniform-random`
   = help: consider adding `nightly` as a feature in `Cargo.toml`
   = note: see <https://doc.rust-lang.org/nightly/rustc/check-cfg/cargo-specifics.html> for more information about checking conditional configuration
   = note: `#[warn(unexpected_cfgs)]` on by default

warning: `xorf` (lib) generated 1 warning
    Finished `release` profile [optimized + debuginfo] target(s) in 0.11s
     Running `target/release/examples/bench_pthash 2097152`
[2025-03-10T08:18:17Z INFO  bench_pthash] Building MPH with parameters: BuildConfiguration { c: 5.0, alpha: 0.94, num_partitions: 1, num_buckets: 18446744073709551615, num_threads: 20, seed: 18446744073709551615, ram: 50396857344, tmp_dir: "/tmp/.tmpneVg1H", verbose_output: true }
[2025-03-10T08:18:18Z INFO  bench_pthash] Completed.
[2025-03-10T08:18:18Z INFO  bench_pthash] Elapsed: 805ms [2,097,152 items, 2603208.92 items/s, 384.14 ns/item]
[2025-03-10T08:18:18Z INFO  bench_pthash] Querying (independent)...
[2025-03-10T08:18:25Z INFO  bench_pthash] Completed.
[2025-03-10T08:18:25Z INFO  bench_pthash] Elapsed: 6s [100,000,000 items, 14799156.68 items/s, 67.57 ns/item]
[2025-03-10T08:18:25Z INFO  bench_pthash] Querying (dependent)...
[2025-03-10T08:18:33Z INFO  bench_pthash] Completed.
[2025-03-10T08:18:33Z INFO  bench_pthash] Elapsed: 8s [100,000,000 items, 11770424.77 items/s, 84.96 ns/item]
