warning: unexpected `cfg` condition value: `nightly`
  --> /home/vigna/git/xorf/src/lib.rs:64:13
   |
64 | #![cfg_attr(feature = "nightly", feature(allocator_internals), needs_allocator)]
   |             ^^^^^^^^^^^^^^^^^^^
   |
   = note: expected values for `feature` are: `binary-fuse`, `bincode`, `default`, `libm`, `num-traits`, `rand`, `serde`, and `uniform-random`
   = help: consider adding `nightly` as a feature in `Cargo.toml`
   = note: see <https://doc.rust-lang.org/nightly/rustc/check-cfg/cargo-specifics.html> for more information about checking conditional configuration
   = note: `#[warn(unexpected_cfgs)]` on by default

warning: `xorf` (lib) generated 1 warning
    Finished `release` profile [optimized + debuginfo] target(s) in 0.11s
     Running `target/release/examples/bench_pthash 1073741824`
[2025-03-10T08:48:43Z INFO  bench_pthash] Building MPH with parameters: BuildConfiguration { c: 5.0, alpha: 0.94, num_partitions: 108, num_buckets: 18446744073709551615, num_threads: 20, seed: 18446744073709551615, ram: 50396857344, tmp_dir: "/tmp/.tmpbQgpGI", verbose_output: true }
[2025-03-10T08:56:12Z INFO  bench_pthash] Completed.
[2025-03-10T08:56:12Z INFO  bench_pthash] Elapsed: 7m 28s [1,073,741,824 items, 2391885.01 items/s, 418.08 ns/item]
[2025-03-10T08:56:12Z INFO  bench_pthash] Querying (independent)...
[2025-03-10T08:56:42Z INFO  bench_pthash] Completed.
[2025-03-10T08:56:42Z INFO  bench_pthash] Elapsed: 30s [100,000,000 items, 3273411.28 items/s, 305.49 ns/item]
[2025-03-10T08:56:42Z INFO  bench_pthash] Querying (dependent)...
[2025-03-10T08:57:21Z INFO  bench_pthash] Completed.
[2025-03-10T08:57:21Z INFO  bench_pthash] Elapsed: 38s [100,000,000 items, 2614338.62 items/s, 382.51 ns/item]
