warning: unexpected `cfg` condition value: `nightly`
  --> /home/vigna/git/xorf/src/lib.rs:64:13
   |
64 | #![cfg_attr(feature = "nightly", feature(allocator_internals), needs_allocator)]
   |             ^^^^^^^^^^^^^^^^^^^
   |
   = note: expected values for `feature` are: `binary-fuse`, `bincode`, `default`, `libm`, `num-traits`, `rand`, `serde`, and `uniform-random`
   = help: consider adding `nightly` as a feature in `Cargo.toml`
   = note: see <https://doc.rust-lang.org/nightly/rustc/check-cfg/cargo-specifics.html> for more information about checking conditional configuration
   = note: `#[warn(unexpected_cfgs)]` on by default

warning: `xorf` (lib) generated 1 warning
    Finished `release` profile [optimized + debuginfo] target(s) in 0.11s
     Running `target/release/examples/bench_pthash 134217728`
[2025-03-10T08:27:13Z INFO  bench_pthash] Building MPH with parameters: BuildConfiguration { c: 5.0, alpha: 0.94, num_partitions: 14, num_buckets: 18446744073709551615, num_threads: 20, seed: 18446744073709551615, ram: 50396857344, tmp_dir: "/tmp/.tmp837s6n", verbose_output: true }
[2025-03-10T08:27:53Z INFO  bench_pthash] Completed.
[2025-03-10T08:27:53Z INFO  bench_pthash] Elapsed: 40s [134,217,728 items, 3354354.87 items/s, 298.12 ns/item]
[2025-03-10T08:27:53Z INFO  bench_pthash] Querying (independent)...
[2025-03-10T08:28:15Z INFO  bench_pthash] Completed.
[2025-03-10T08:28:15Z INFO  bench_pthash] Elapsed: 22s [100,000,000 items, 4462072.87 items/s, 224.11 ns/item]
[2025-03-10T08:28:15Z INFO  bench_pthash] Querying (dependent)...
[2025-03-10T08:28:43Z INFO  bench_pthash] Completed.
[2025-03-10T08:28:43Z INFO  bench_pthash] Elapsed: 28s [100,000,000 items, 3538408.39 items/s, 282.61 ns/item]
